<?xml version="1.0" encoding="UTF-8"?>
<!-- Generated by org.testng.reporters.JUnitXMLReporter -->
<testsuite ignored="5" hostname="IASAIRAJLA21" failures="0" tests="1" name="Default test" time="100.871" errors="0" timestamp="2026-07-20T17:17:58 IST">
  <testcase classname="com.iasys.loginTest.LoginTest" name="dataLogin" time="0.817"/>
  <testcase classname="com.iasys.loginTest.LoginTest" name="TC_01_verifyValidLogin" time="0.0">
    <ignored/>
  </testcase> <!-- TC_01_verifyValidLogin -->
  <testcase classname="com.iasys.loginTest.LoginTest" name="TC_03_invalidUsername" time="0.0">
    <ignored/>
  </testcase> <!-- TC_03_invalidUsername -->
  <testcase classname="com.iasys.loginTest.LoginTest" name="TC_06_usernameMandatory" time="0.0">
    <ignored/>
  </testcase> <!-- TC_06_usernameMandatory -->
  <testcase classname="com.iasys.loginTest.LoginTest" name="TC_04_invalidPassword" time="0.0">
    <ignored/>
  </testcase> <!-- TC_04_invalidPassword -->
  <testcase classname="com.iasys.loginTest.LoginTest" name="TC_01_verifyLoginPageLoads" time="0.0">
    <ignored/>
  </testcase> <!-- TC_01_verifyLoginPageLoads -->
</testsuite> <!-- Default test -->
