<?xml version="1.0" encoding="UTF-8"?>
<!-- Generated by org.testng.reporters.JUnitReportReporter -->
<testsuite hostname="IASAIRAJLA21" failures="1" tests="7" name="com.iasys.loginTest.LoginTest" time="557.073" errors="0" timestamp="2026-07-22T23:22:06 IST" skipped="1">
  <testcase classname="com.iasys.loginTest.LoginTest" name="TC_03_invalidUsername" time="79.807"/>
  <testcase classname="com.iasys.loginTest.LoginTest" name="TC_04_invalidPassword" time="82.490"/>
  <testcase classname="com.iasys.loginTest.LoginTest" name="TC_06_usernameMandatory" time="82.799"/>
  <testcase classname="com.iasys.loginTest.LoginTest" name="TC_01_verifyLoginPageLoads" time="79.244">
    <skipped/>
  </testcase> <!-- TC_01_verifyLoginPageLoads -->
  <testcase classname="com.iasys.loginTest.LoginTest" name="dataLogin" time="80.772"/>
  <testcase classname="com.iasys.loginTest.LoginTest" name="TC_01_verifyValidLogin" time="68.213"/>
  <testcase classname="com.iasys.loginTest.LoginTest" name="TC_01_verifyLoginPageLoads" time="83.748">
    <failure message="Login page logo should be visible on page load expected [false] but found [true]" type="java.lang.AssertionError">
      <![CDATA[java.lang.AssertionError: Login page logo should be visible on page load expected [false] but found [true]
at org.testng.Assert.fail(Assert.java:111)
at org.testng.Assert.failNotEquals(Assert.java:1590)
at org.testng.Assert.assertFalse(Assert.java:79)
at com.iasys.loginTest.LoginTest.TC_01_verifyLoginPageLoads(LoginTest.java:33)
at java.base/jdk.internal.reflect.NativeMethodAccessorImpl.invoke0(Native Method)
at java.base/jdk.internal.reflect.NativeMethodAccessorImpl.invoke(NativeMethodAccessorImpl.java:77)
at java.base/jdk.internal.reflect.DelegatingMethodAccessorImpl.invoke(DelegatingMethodAccessorImpl.java:43)
at java.base/java.lang.reflect.Method.invoke(Method.java:568)
at org.testng.internal.invokers.MethodInvocationHelper.invokeMethod(MethodInvocationHelper.java:141)
at org.testng.internal.invokers.TestInvoker.invokeMethod(TestInvoker.java:687)
at org.testng.internal.invokers.TestInvoker.retryFailed(TestInvoker.java:269)
at org.testng.internal.invokers.MethodRunner.runInSequence(MethodRunner.java:76)
at org.testng.internal.invokers.TestInvoker$MethodInvocationAgent.invoke(TestInvoker.java:995)
at org.testng.internal.invokers.TestInvoker.invokeTestMethods(TestInvoker.java:203)
at org.testng.internal.invokers.TestMethodWorker.invokeTestMethods(TestMethodWorker.java:154)
at org.testng.internal.invokers.TestMethodWorker.run(TestMethodWorker.java:134)
at java.base/java.util.concurrent.Executors$RunnableAdapter.call(Executors.java:539)
at java.base/java.util.concurrent.FutureTask.run(FutureTask.java:264)
at org.testng.internal.thread.graph.TestNGFutureTask.run(TestNGFutureTask.java:22)
at java.base/java.util.concurrent.ThreadPoolExecutor.runWorker(ThreadPoolExecutor.java:1136)
at java.base/java.util.concurrent.ThreadPoolExecutor$Worker.run(ThreadPoolExecutor.java:635)
at java.base/java.lang.Thread.run(Thread.java:842)
]]>
    </failure>
  </testcase> <!-- TC_01_verifyLoginPageLoads -->
</testsuite> <!-- com.iasys.loginTest.LoginTest -->
