<?xml version="1.0" encoding="UTF-8"?>
<!-- Generated by org.testng.reporters.JUnitReportReporter -->
<testsuite hostname="IASAIRAJLA21" failures="1" tests="11" name="com.iasys.dashboardTest.DashboardTest" time="702.193" errors="0" timestamp="2026-07-22T23:22:06 IST" skipped="1">
  <testcase classname="com.iasys.dashboardTest.DashboardTest" name="TC_01_verifyValidLogin" time="158.656">
    <failure message="expected [true] but found [false]" type="java.lang.AssertionError">
      <![CDATA[java.lang.AssertionError: expected [true] but found [false]
at org.testng.Assert.fail(Assert.java:111)
at org.testng.Assert.failNotEquals(Assert.java:1590)
at org.testng.Assert.assertTrue(Assert.java:57)
at org.testng.Assert.assertTrue(Assert.java:67)
at com.iasys.dashboardTest.DashboardTest.TC_01_verifyValidLogin(DashboardTest.java:34)
at java.base/jdk.internal.reflect.NativeMethodAccessorImpl.invoke0(Native Method)
at java.base/jdk.internal.reflect.NativeMethodAccessorImpl.invoke(NativeMethodAccessorImpl.java:77)
at java.base/jdk.internal.reflect.DelegatingMethodAccessorImpl.invoke(DelegatingMethodAccessorImpl.java:43)
at java.base/java.lang.reflect.Method.invoke(Method.java:568)
at org.testng.internal.invokers.MethodInvocationHelper.invokeMethod(MethodInvocationHelper.java:141)
at org.testng.internal.invokers.MethodInvocationHelper.invokeMethodConsideringTimeout(MethodInvocationHelper.java:71)
at org.testng.internal.invokers.ConfigInvoker.invokeConfigurationMethod(ConfigInvoker.java:400)
at org.testng.internal.invokers.ConfigInvoker.invokeConfigurations(ConfigInvoker.java:333)
at org.testng.internal.invokers.TestInvoker.runConfigMethods(TestInvoker.java:836)
at org.testng.internal.invokers.TestInvoker.invokeMethod(TestInvoker.java:601)
at org.testng.internal.invokers.TestInvoker.invokeTestMethod(TestInvoker.java:230)
at org.testng.internal.invokers.MethodRunner.runInSequence(MethodRunner.java:63)
at org.testng.internal.invokers.TestInvoker$MethodInvocationAgent.invoke(TestInvoker.java:995)
at org.testng.internal.invokers.TestInvoker.invokeTestMethods(TestInvoker.java:203)
at org.testng.internal.invokers.TestMethodWorker.invokeTestMethods(TestMethodWorker.java:154)
at org.testng.internal.invokers.TestMethodWorker.run(TestMethodWorker.java:134)
at java.base/java.util.concurrent.Executors$RunnableAdapter.call(Executors.java:539)
at java.base/java.util.concurrent.FutureTask.run(FutureTask.java:264)
at org.testng.internal.thread.graph.TestNGFutureTask.run(TestNGFutureTask.java:22)
at java.base/java.util.concurrent.ThreadPoolExecutor.runWorker(ThreadPoolExecutor.java:1136)
at java.base/java.util.concurrent.ThreadPoolExecutor$Worker.run(ThreadPoolExecutor.java:635)
at java.base/java.lang.Thread.run(Thread.java:842)
]]>
    </failure>
  </testcase> <!-- TC_01_verifyValidLogin -->
  <testcase classname="com.iasys.dashboardTest.DashboardTest" name="DASH_TC_01_verifyServerStatusDisplayed" time="87.577"/>
  <testcase classname="com.iasys.dashboardTest.DashboardTest" name="DASH_TC_02_verifyLogInfoDisplayed" time="68.194"/>
  <testcase classname="com.iasys.dashboardTest.DashboardTest" name="DASH_TC_03_verifyLiveSessionDisplayed" time="67.083"/>
  <testcase classname="com.iasys.dashboardTest.DashboardTest" name="DASH_TC_04_verifySessionProgressBar" time="43.449"/>
  <testcase classname="com.iasys.dashboardTest.DashboardTest" name="DASH_TC_05_verifyLiveSessionRefresh" time="49.602"/>
  <testcase classname="com.iasys.dashboardTest.DashboardTest" name="DASH_TC_06_verifySearchUser" time="57.983"/>
  <testcase classname="com.iasys.dashboardTest.DashboardTest" name="DASH_TC_07_verifySortFunctionality" time="68.756">
    <skipped/>
  </testcase> <!-- DASH_TC_07_verifySortFunctionality -->
  <testcase classname="com.iasys.dashboardTest.DashboardTest" name="DASH_TC_08_verifyLoginTrend12HDefault" time="60.799"/>
  <testcase classname="com.iasys.dashboardTest.DashboardTest" name="DASH_TC_09_verifyLoginTrend24HFilter" time="39.029"/>
  <testcase classname="com.iasys.dashboardTest.DashboardTest" name="DASH_TC_10_verifyLoginTrendRefresh" time="1.065"/>
</testsuite> <!-- com.iasys.dashboardTest.DashboardTest -->
