<?xml version="1.0" encoding="UTF-8"?>
<!-- Generated by org.testng.reporters.JUnitXMLReporter -->
<testsuite ignored="0" hostname="IASAIRAJLA21" failures="1" tests="17" name="LoginTestSuite" time="271.213" errors="0" timestamp="2026-07-22T23:22:06 IST">
  <testcase classname="com.iasys.dashboardTest.DashboardTest" name="@BeforeMethod TC_01_verifyValidLogin" time="92.193">
    <failure type="java.lang.AssertionError" message="expected [true] but found [false]">
      <![CDATA[java.lang.AssertionError: expected [true] but found [false]
at com.iasys.dashboardTest.DashboardTest.TC_01_verifyValidLogin(DashboardTest.java:34)
at java.base/java.util.concurrent.Executors$RunnableAdapter.call(Executors.java:539)
at java.base/java.util.concurrent.FutureTask.run(FutureTask.java:264)
at java.base/java.util.concurrent.ThreadPoolExecutor.runWorker(ThreadPoolExecutor.java:1136)
at java.base/java.util.concurrent.ThreadPoolExecutor$Worker.run(ThreadPoolExecutor.java:635)
at java.base/java.lang.Thread.run(Thread.java:842)
... Removed 21 stack frames]]>
    </failure>
  </testcase> <!-- @BeforeMethod TC_01_verifyValidLogin -->
  <testcase classname="com.iasys.loginTest.LoginTest" name="TC_06_usernameMandatory" time="1.378"/>
  <testcase classname="com.iasys.loginTest.LoginTest" name="TC_01_verifyLoginPageLoads" time="0.683">
    <skipped/>
  </testcase> <!-- TC_01_verifyLoginPageLoads -->
  <testcase classname="com.iasys.loginTest.LoginTest" name="TC_03_invalidUsername" time="5.913"/>
  <testcase classname="com.iasys.loginTest.LoginTest" name="TC_04_invalidPassword" time="2.466"/>
  <testcase classname="com.iasys.loginTest.LoginTest" name="dataLogin" time="1.052"/>
  <testcase classname="com.iasys.loginTest.LoginTest" name="TC_01_verifyValidLogin" time="19.11"/>
  <testcase classname="com.iasys.loginTest.LoginTest" name="TC_01_verifyLoginPageLoads" time="0.55">
    <failure type="java.lang.AssertionError" message="Login page logo should be visible on page load expected [false] but found [true]">
      <![CDATA[java.lang.AssertionError: Login page logo should be visible on page load expected [false] but found [true]
at com.iasys.loginTest.LoginTest.TC_01_verifyLoginPageLoads(LoginTest.java:33)
at java.base/java.util.concurrent.Executors$RunnableAdapter.call(Executors.java:539)
at java.base/java.util.concurrent.FutureTask.run(FutureTask.java:264)
at java.base/java.util.concurrent.ThreadPoolExecutor.runWorker(ThreadPoolExecutor.java:1136)
at java.base/java.util.concurrent.ThreadPoolExecutor$Worker.run(ThreadPoolExecutor.java:635)
at java.base/java.lang.Thread.run(Thread.java:842)
... Removed 16 stack frames]]>
    </failure>
  </testcase> <!-- TC_01_verifyLoginPageLoads -->
  <testcase classname="com.iasys.dashboardTest.DashboardTest" name="DASH_TC_01_verifyServerStatusDisplayed" time="2.088"/>
  <testcase classname="com.iasys.dashboardTest.DashboardTest" name="DASH_TC_04_verifySessionProgressBar" time="1.58"/>
  <testcase classname="com.iasys.dashboardTest.DashboardTest" name="DASH_TC_02_verifyLogInfoDisplayed" time="1.295"/>
  <testcase classname="com.iasys.dashboardTest.DashboardTest" name="DASH_TC_03_verifyLiveSessionDisplayed" time="3.534"/>
  <testcase classname="com.iasys.dashboardTest.DashboardTest" name="DASH_TC_05_verifyLiveSessionRefresh" time="1.786"/>
  <testcase classname="com.iasys.dashboardTest.DashboardTest" name="DASH_TC_06_verifySearchUser" time="2.484"/>
  <testcase classname="com.iasys.dashboardTest.DashboardTest" name="DASH_TC_08_verifyLoginTrend12HDefault" time="2.458"/>
  <testcase classname="com.iasys.dashboardTest.DashboardTest" name="DASH_TC_09_verifyLoginTrend24HFilter" time="1.455"/>
  <testcase classname="com.iasys.dashboardTest.DashboardTest" name="DASH_TC_10_verifyLoginTrendRefresh" time="1.065"/>
  <testcase classname="com.iasys.dashboardTest.DashboardTest" name="DASH_TC_07_verifySortFunctionality" time="0.0">
    <skipped/>
  </testcase> <!-- DASH_TC_07_verifySortFunctionality -->
</testsuite> <!-- LoginTestSuite -->
